<?xml version="1.0" encoding="UTF-8"?><testsuite errors="1" failures="0" name="test the functionality of the page exito.com" skipped="0" tests="1" time="24.69" timestamp="2023-01-21 09:04:00"><testcase name="validate product data in the shopping cart"><error message="The following error occurred: Expected condition failed: waiting for By.xpath: //div[@class='vtex-flex-layout-0-x-flexRow vtex-flex-layout-0-x-flexRow--search-result-web']/div/div/div/div[4]/section/a/article/div[2]/div[2]/div/div/div/div/div/div/div[3]/div/div/div/h3/span to be displayed (tried for 5 second(s) with 100 milliseconds interval)&#10;Build info: version: '3.11.0', revision: 'e59cfb3', time: '2018-03-11T20:26:55.152Z'&#10;System info: host: 'CHMEP5JC9RF3', ip: '192.168.1.133', os.name: 'Windows 10', os.arch: 'amd64', os.version: '10.0', java.version: '1.8.0_131'&#10;Driver info: driver.version: unknown" type="org.openqa.selenium.NoSuchElementException">The following error occurred: Expected condition failed: waiting for By.xpath: //div[@class='vtex-flex-layout-0-x-flexRow vtex-flex-layout-0-x-flexRow--search-result-web']/div/div/div/div[4]/section/a/article/div[2]/div[2]/div/div/div/div/div/div/div[3]/div/div/div/h3/span to be displayed (tried for 5 second(s) with 100 milliseconds interval)
Build info: version: '3.11.0', revision: 'e59cfb3', time: '2018-03-11T20:26:55.152Z'
System info: host: 'CHMEP5JC9RF3', ip: '192.168.1.133', os.name: 'Windows 10', os.arch: 'amd64', os.version: '10.0', java.version: '1.8.0_131'
Driver info: driver.version: unknown</error><system-err>The following error occurred: Expected condition failed: waiting for By.xpath: //div[@class='vtex-flex-layout-0-x-flexRow vtex-flex-layout-0-x-flexRow--search-result-web']/div/div/div/div[4]/section/a/article/div[2]/div[2]/div/div/div/div/div/div/div[3]/div/div/div/h3/span to be displayed (tried for 5 second(s) with 100 milliseconds interval)
Build info: version: '3.11.0', revision: 'e59cfb3', time: '2018-03-11T20:26:55.152Z'
System info: host: 'CHMEP5JC9RF3', ip: '192.168.1.133', os.name: 'Windows 10', os.arch: 'amd64', os.version: '10.0', java.version: '1.8.0_131'
Driver info: driver.version: unknown&#13;
co.com.choucair.retotecnicoautomatizador.tasks.ChooseCategoriesAndProducts.performAs(ChooseCategoriesAndProducts.java:30)&#13;
co.com.choucair.retotecnicoautomatizador.stepdefinitions.MyDefinitions.chooseFiveProductsAtRandomEachProductHasRandomQuantitiesBetweenOneAndTen(MyDefinitions.java:35)&#13;
cucumber.runner.Runner.runPickle(Runner.java:80)&#13;
</system-err></testcase></testsuite>